<?xml version="1.0" encoding="UTF-8"?>
<!-- Generated by org.testng.reporters.JUnitReportReporter -->
<testsuite skipped="0" hostname="Innoraft" name="com.crm.qa.testcases.LoginPageTest" tests="2" failures="0" timestamp="21 Aug 2019 05:21:29 GMT" time="58.093" errors="0">
  <testcase name="loginPageTitleTest" time="34.264" classname="com.crm.qa.testcases.LoginPageTest"/>
  <testcase name="loginTest" time="23.829" classname="com.crm.qa.testcases.LoginPageTest"/>
</testsuite> <!-- com.crm.qa.testcases.LoginPageTest -->
